\BOOKMARK [1][-]{section.1}{DpgenInv}{}% 1
\BOOKMARK [1][-]{section.2}{DpgenBuff}{}% 2
\BOOKMARK [1][-]{section.3}{DpgenNand2}{}% 3
\BOOKMARK [1][-]{section.4}{DpgenNand3}{}% 4
\BOOKMARK [1][-]{section.5}{Dpgennand4}{}% 5
\BOOKMARK [1][-]{section.6}{DpgenAnd2}{}% 6
\BOOKMARK [1][-]{section.7}{DpgenAnd3}{}% 7
\BOOKMARK [1][-]{section.8}{DpgenAnd4}{}% 8
\BOOKMARK [1][-]{section.9}{DpgenNor2}{}% 9
\BOOKMARK [1][-]{section.10}{DpgenNor3}{}% 10
\BOOKMARK [1][-]{section.11}{DpgenNor4}{}% 11
\BOOKMARK [1][-]{section.12}{DpgenOr2}{}% 12
\BOOKMARK [1][-]{section.13}{DpgenOr3}{}% 13
\BOOKMARK [1][-]{section.14}{DpgenOr4}{}% 14
\BOOKMARK [1][-]{section.15}{DpgenXor2}{}% 15
\BOOKMARK [1][-]{section.16}{DpgenXnor2}{}% 16
\BOOKMARK [1][-]{section.17}{DpgenNmux2}{}% 17
\BOOKMARK [1][-]{section.18}{DpgenMux2}{}% 18
\BOOKMARK [1][-]{section.19}{DpgenNbuse}{}% 19
\BOOKMARK [1][-]{section.20}{DpgenBuse}{}% 20
\BOOKMARK [1][-]{section.21}{DpgenNand2mask}{}% 21
\BOOKMARK [1][-]{section.22}{DpgenNor2mask}{}% 22
\BOOKMARK [1][-]{section.23}{DpgenXnor2mask}{}% 23
\BOOKMARK [1][-]{section.24}{DpgenAdsb2f}{}% 24
\BOOKMARK [1][-]{section.25}{DpgenShift}{}% 25
\BOOKMARK [1][-]{section.26}{DpgenShrot}{}% 26
\BOOKMARK [1][-]{section.27}{DpgenNul}{}% 27
\BOOKMARK [1][-]{section.28}{DpgenConst}{}% 28
\BOOKMARK [1][-]{section.29}{DpgenRom2}{}% 29
\BOOKMARK [1][-]{section.30}{DpgenRom4}{}% 30
\BOOKMARK [1][-]{section.31}{DpgenRam}{}% 31
\BOOKMARK [1][-]{section.32}{DpgenRf1}{}% 32
\BOOKMARK [1][-]{section.33}{DpgenRf1d}{}% 33
\BOOKMARK [1][-]{section.34}{DpgenFifo}{}% 34
\BOOKMARK [1][-]{section.35}{DpgenDff}{}% 35
\BOOKMARK [1][-]{section.36}{DpgenDfft}{}% 36
\BOOKMARK [1][-]{section.37}{DpgenSff}{}% 37
\BOOKMARK [1][-]{section.38}{DpgenSfft}{}% 38
