error: the type 'dirs' is not supported for the entry tag within a navindex! Check your layout file!
/dsk/l1/jpc/coriolis-2.x/src/coriolis/hurricane/doc/hurricane/Entity.dox:69: warning: Internal inconsistency: scope for class Entity::CompareById not found!
/dsk/l1/jpc/coriolis-2.x/src/coriolis/hurricane/doc/hurricane/Generalities.dox:184: warning: documentation for unknown define trace found.

/dsk/l1/jpc/coriolis-2.x/src/coriolis/hurricane/doc/hurricane/BasicLayer.dox:143: warning: documentation for unknown define for_each_basic_layer found.

/dsk/l1/jpc/coriolis-2.x/src/coriolis/hurricane/doc/hurricane/RegularLayer.dox:86: warning: documentation for unknown define for_each_basic_layer found.

/dsk/l1/jpc/coriolis-2.x/src/coriolis/hurricane/doc/hurricane/Generalities.dox:160: warning: documented symbol `bool Hurricane::in_trace' was not declared or defined.
/dsk/l1/jpc/coriolis-2.x/src/coriolis/hurricane/doc/hurricane/Generalities.dox:166: warning: documented symbol `void Hurricane::trace_on' was not declared or defined.
/dsk/l1/jpc/coriolis-2.x/src/coriolis/hurricane/doc/hurricane/Generalities.dox:170: warning: documented symbol `void Hurricane::trace_off' was not declared or defined.
/dsk/l1/jpc/coriolis-2.x/src/coriolis/hurricane/doc/hurricane/Generalities.dox:174: warning: documented symbol `void Hurricane::trace_in' was not declared or defined.
/dsk/l1/jpc/coriolis-2.x/src/coriolis/hurricane/doc/hurricane/Generalities.dox:179: warning: documented symbol `void Hurricane::trace_out' was not declared or defined.
/dsk/l1/jpc/coriolis-2.x/src/coriolis/hurricane/doc/hurricane/Error.dox:60: warning: no uniquely matching class member found for 
  Hurricane::Error::Inherit

/dsk/l1/jpc/coriolis-2.x/src/coriolis/hurricane/doc/hurricane/Error.dox:91: warning: no uniquely matching class member found for 
  Error & Hurricane::Error::operator=(const Error &error)

/dsk/l1/jpc/coriolis-2.x/src/coriolis/hurricane/doc/hurricane/Interruption.dox:41: warning: documented symbol `const string & Hurricane::Interruption::GetReason' was not declared or defined.
/dsk/l1/jpc/coriolis-2.x/src/coriolis/hurricane/doc/hurricane/Interruption.dox:45: warning: documented symbol `int Hurricane::Interruption::GetCode' was not declared or defined.
/dsk/l1/jpc/coriolis-2.x/src/coriolis/hurricane/doc/hurricane/Collection.dox:439: warning: documented symbol `typedef list< Element > Hurricane::ElementList' was not declared or defined.
/dsk/l1/jpc/coriolis-2.x/src/coriolis/hurricane/doc/hurricane/Technology.dox:130: warning: documented symbol `bool Hurricane::Technology::setWorkingLayer' was not declared or defined.
/dsk/l1/jpc/coriolis-2.x/src/coriolis/hurricane/doc/hurricane/Technology.dox:135: warning: documented symbol `bool Hurricane::Technology::setWorkingLayer' was not declared or defined.
/dsk/l1/jpc/coriolis-2.x/src/coriolis/hurricane/doc/hurricane/Layer.dox:128: warning: documented symbol `const DbU::Unit & Hurricane::Layer::getPitch' was not declared or defined.
/dsk/l1/jpc/coriolis-2.x/src/coriolis/hurricane/doc/hurricane/Layer.dox:181: warning: no uniquely matching class member found for 
  DbU::Unit Hurricane::Layer::getEnclosure() const
Possible candidates:
  virtual DbU::Unit Hurricane::Layer::getEnclosure(uint32_t flags) const' at line 83 of file /dsk/l1/jpc/coriolis-2.x/src/coriolis/hurricane/src/hurricane/hurricane/Layer.h
  virtual DbU::Unit Hurricane::Layer::getEnclosure(const BasicLayer *layer, uint32_t flags) const' at line 86 of file /dsk/l1/jpc/coriolis-2.x/src/coriolis/hurricane/src/hurricane/hurricane/Layer.h

/dsk/l1/jpc/coriolis-2.x/src/coriolis/hurricane/doc/hurricane/Layer.dox:185: warning: documented symbol `DbU::Unit Hurricane::Layer::getExtensionCap' was not declared or defined.
/dsk/l1/jpc/coriolis-2.x/src/coriolis/hurricane/doc/hurricane/Layer.dox:189: warning: documented symbol `DbU::Unit Hurricane::Layer::getExtensionWidth' was not declared or defined.
/dsk/l1/jpc/coriolis-2.x/src/coriolis/hurricane/doc/hurricane/Layer.dox:193: warning: no uniquely matching class member found for 
  DbU::Unit Hurricane::Layer::getEnclosure(const Hurricane::BasicLayer *layer) const
Possible candidates:
  virtual DbU::Unit Hurricane::Layer::getEnclosure(uint32_t flags) const' at line 83 of file /dsk/l1/jpc/coriolis-2.x/src/coriolis/hurricane/src/hurricane/hurricane/Layer.h
  virtual DbU::Unit Hurricane::Layer::getEnclosure(const BasicLayer *layer, uint32_t flags) const' at line 86 of file /dsk/l1/jpc/coriolis-2.x/src/coriolis/hurricane/src/hurricane/hurricane/Layer.h

/dsk/l1/jpc/coriolis-2.x/src/coriolis/hurricane/doc/hurricane/Layer.dox:197: warning: documented symbol `DbU::Unit Hurricane::Layer::getExtensionCap' was not declared or defined.
/dsk/l1/jpc/coriolis-2.x/src/coriolis/hurricane/doc/hurricane/Layer.dox:201: warning: documented symbol `DbU::Unit Hurricane::Layer::getExtensionWidth' was not declared or defined.
/dsk/l1/jpc/coriolis-2.x/src/coriolis/hurricane/doc/hurricane/Layer.dox:227: warning: documented symbol `bool Hurricane::Layer::isWorking' was not declared or defined.
/dsk/l1/jpc/coriolis-2.x/src/coriolis/hurricane/doc/hurricane/BasicLayer.dox:41: warning: documented symbol `unsigned Hurricane::BasicLayer::getExtractNumber' was not declared or defined.
/dsk/l1/jpc/coriolis-2.x/src/coriolis/hurricane/doc/hurricane/BasicLayer.dox:117: warning: documented symbol `void Hurricane::BasicLayer::setExtractNumber' was not declared or defined.
/dsk/l1/jpc/coriolis-2.x/src/coriolis/hurricane/doc/hurricane/BasicLayer.dox:130: warning: documented symbol `Hurricane::BasicLayers' was not declared or defined.
/dsk/l1/jpc/coriolis-2.x/src/coriolis/hurricane/doc/hurricane/BasicLayer.dox:134: warning: documented symbol `Hurricane::BasicLayerLocator' was not declared or defined.
/dsk/l1/jpc/coriolis-2.x/src/coriolis/hurricane/doc/hurricane/BasicLayer.dox:138: warning: documented symbol `Hurricane::BasicLayerFilter' was not declared or defined.
/dsk/l1/jpc/coriolis-2.x/src/coriolis/hurricane/doc/hurricane/RegularLayer.dox:56: warning: no matching class member found for 
  void Hurricane::RegularLayer::setBlockageLayer(RegularLayer *layer)

/dsk/l1/jpc/coriolis-2.x/src/coriolis/hurricane/doc/hurricane/RegularLayer.dox:61: warning: documented symbol `void Hurricane::RegularLayer::setExtractNumber' was not declared or defined.
/dsk/l1/jpc/coriolis-2.x/src/coriolis/hurricane/doc/hurricane/RegularLayer.dox:65: warning: no matching class member found for 
  void Hurricane::RegularLayer::setRealName(const char *)

/dsk/l1/jpc/coriolis-2.x/src/coriolis/hurricane/doc/hurricane/RegularLayer.dox:73: warning: documented symbol `Hurricane::RegularLayers' was not declared or defined.
/dsk/l1/jpc/coriolis-2.x/src/coriolis/hurricane/doc/hurricane/RegularLayer.dox:77: warning: documented symbol `Hurricane::RegularLayerLocator' was not declared or defined.
/dsk/l1/jpc/coriolis-2.x/src/coriolis/hurricane/doc/hurricane/RegularLayer.dox:81: warning: documented symbol `Hurricane::RegularLayerFilter' was not declared or defined.
/dsk/l1/jpc/coriolis-2.x/src/coriolis/hurricane/doc/hurricane/Entity.dox:30: warning: no matching class member found for 
  unsigned int Hurricane::Entity::getId() const

/dsk/l1/jpc/coriolis-2.x/src/coriolis/hurricane/doc/hurricane/HyperNet.dox:47: warning: documented symbol `Occurrences Hurricane::HyperNet::getLeafPlugOccurrences' was not declared or defined.
/dsk/l1/jpc/coriolis-2.x/src/coriolis/hurricane/doc/hurricane/Polygon.dox:39: warning: documented symbol `Hurricane::Polygons' was not declared or defined.
/dsk/l1/jpc/coriolis-2.x/src/coriolis/hurricane/doc/hurricane/Polygon.dox:43: warning: documented symbol `Hurricane::PolygonLocator' was not declared or defined.
/dsk/l1/jpc/coriolis-2.x/src/coriolis/hurricane/doc/hurricane/Polygon.dox:47: warning: documented symbol `Hurricane::PolygonFilter' was not declared or defined.
/dsk/l1/jpc/coriolis-2.x/src/coriolis/hurricane/doc/hurricane/RoutingPad.dox:102: warning: no uniquely matching class member found for 
  Box Hurricane::RoutingPad::getBoundingBox(Hurricane::BasicLayer *layer) const
Possible candidates:
  virtual Box Hurricane::RoutingPad::getBoundingBox() const' at line 69 of file /dsk/l1/jpc/coriolis-2.x/src/coriolis/hurricane/src/hurricane/hurricane/RoutingPad.h
  virtual Box Hurricane::RoutingPad::getBoundingBox(const BasicLayer *) const' at line 70 of file /dsk/l1/jpc/coriolis-2.x/src/coriolis/hurricane/src/hurricane/hurricane/RoutingPad.h

/dsk/l1/jpc/coriolis-2.x/src/coriolis/hurricane/doc/hurricane/PrivateProperty.dox:49: warning: documented symbol `typedef PrivateProperty::Inherit Hurricane::Property' was not declared or defined.
/dsk/l1/jpc/coriolis-2.x/src/coriolis/hurricane/doc/hurricane/SharedProperty.dox:50: warning: documented symbol `typedef SharedProperty::Inherit Hurricane::Property' was not declared or defined.
/dsk/l1/jpc/coriolis-2.x/src/coriolis/hurricane/doc/hurricane/SharedProperty.dox:71: warning: documented symbol `DBos Hurricane::SharedProperty::GetOwners' was not declared or defined.
/dsk/l1/jpc/coriolis-2.x/src/coriolis/hurricane/doc/hurricane/Generalities.dox:34: warning: Illegal command n as part of a title section
/dsk/l1/jpc/coriolis-2.x/src/coriolis/hurricane/doc/hurricane/Generalities.dox:138: warning: Illegal command n as part of a title section
/dsk/l1/jpc/coriolis-2.x/src/coriolis/hurricane/doc/hurricane/DbU.dox:14: warning: Illegal command n as part of a title section
/dsk/l1/jpc/coriolis-2.x/src/coriolis/hurricane/doc/hurricane/DbU.dox:235: warning: Illegal command n as part of a title section
/dsk/l1/jpc/coriolis-2.x/src/coriolis/hurricane/doc/hurricane/DbU.dox:247: warning: Illegal command n as part of a title section
/dsk/l1/jpc/coriolis-2.x/src/coriolis/hurricane/doc/hurricane/BasicLayer.dox:22: warning: Illegal command n as part of a title section
/dsk/l1/jpc/coriolis-2.x/src/coriolis/hurricane/doc/hurricane/BasicLayer.dox:27: warning: Illegal command n as part of a title section
/dsk/l1/jpc/coriolis-2.x/src/coriolis/hurricane/doc/hurricane/Box.dox:72: warning: Illegal command n as part of a title section
/dsk/l1/jpc/coriolis-2.x/src/coriolis/hurricane/doc/hurricane/Cell.dox:40: warning: Illegal command n as part of a title section
/dsk/l1/jpc/coriolis-2.x/src/coriolis/hurricane/doc/hurricane/Cell.dox:132: warning: Illegal command n as part of a title section
/dsk/l1/jpc/coriolis-2.x/src/coriolis/hurricane/doc/hurricane/Cell.dox:144: warning: Illegal command n as part of a title section
/dsk/l1/jpc/coriolis-2.x/src/coriolis/hurricane/doc/hurricane/Cell.dox:151: warning: Illegal command n as part of a title section
/dsk/l1/jpc/coriolis-2.x/src/coriolis/hurricane/doc/hurricane/Cell.dox:160: warning: Illegal command n as part of a title section
/dsk/l1/jpc/coriolis-2.x/src/coriolis/hurricane/doc/hurricane/Cell.dox:164: warning: Illegal command n as part of a title section
/dsk/l1/jpc/coriolis-2.x/src/coriolis/hurricane/doc/hurricane/Cell.dox:227: warning: Illegal command n as part of a title section
/dsk/l1/jpc/coriolis-2.x/src/coriolis/hurricane/doc/hurricane/Cell.dox:235: warning: Illegal command n as part of a title section
/dsk/l1/jpc/coriolis-2.x/src/coriolis/hurricane/doc/hurricane/Collection.dox:108: warning: Illegal command n as part of a title section
/dsk/l1/jpc/coriolis-2.x/src/coriolis/hurricane/doc/hurricane/Collection.dox:114: warning: Illegal command n as part of a title section
/dsk/l1/jpc/coriolis-2.x/src/coriolis/hurricane/doc/hurricane/Collection.dox:179: warning: Illegal command n as part of a title section
/dsk/l1/jpc/coriolis-2.x/src/coriolis/hurricane/doc/hurricane/Collection.dox:189: warning: Illegal command n as part of a title section
/dsk/l1/jpc/coriolis-2.x/src/coriolis/hurricane/doc/hurricane/Collection.dox:199: warning: Illegal command n as part of a title section
/dsk/l1/jpc/coriolis-2.x/src/coriolis/hurricane/doc/hurricane/Collection.dox:206: warning: Illegal command n as part of a title section
/dsk/l1/jpc/coriolis-2.x/src/coriolis/hurricane/doc/hurricane/Collection.dox:214: warning: Illegal command n as part of a title section
/dsk/l1/jpc/coriolis-2.x/src/coriolis/hurricane/doc/hurricane/Collection.dox:240: warning: Illegal command n as part of a title section
/dsk/l1/jpc/coriolis-2.x/src/coriolis/hurricane/doc/hurricane/Collection.dox:244: warning: Illegal command n as part of a title section
/dsk/l1/jpc/coriolis-2.x/src/coriolis/hurricane/doc/hurricane/Component.dox:31: warning: Illegal command n as part of a title section
/dsk/l1/jpc/coriolis-2.x/src/coriolis/hurricane/doc/hurricane/Component.dox:172: warning: Illegal command n as part of a title section
/dsk/l1/jpc/coriolis-2.x/src/coriolis/hurricane/doc/hurricane/Contact.dox:48: warning: Illegal command n as part of a title section
/dsk/l1/jpc/coriolis-2.x/src/coriolis/hurricane/doc/hurricane/Contact.dox:57: warning: Illegal command n as part of a title section
/dsk/l1/jpc/coriolis-2.x/src/coriolis/hurricane/doc/hurricane/Contact.dox:60: warning: Illegal command n as part of a title section
/dsk/l1/jpc/coriolis-2.x/src/coriolis/hurricane/doc/hurricane/Contact.dox:82: warning: Illegal command n as part of a title section
/dsk/l1/jpc/coriolis-2.x/src/coriolis/hurricane/doc/hurricane/Contact.dox:89: warning: Illegal command n as part of a title section
/dsk/l1/jpc/coriolis-2.x/src/coriolis/hurricane/doc/hurricane/Contact.dox:151: warning: Illegal command n as part of a title section
/dsk/l1/jpc/coriolis-2.x/src/coriolis/hurricane/doc/hurricane/Contact.dox:158: warning: Illegal command n as part of a title section
/dsk/l1/jpc/coriolis-2.x/src/coriolis/hurricane/doc/hurricane/Contact.dox:165: warning: Illegal command n as part of a title section
/dsk/l1/jpc/coriolis-2.x/src/coriolis/hurricane/doc/hurricane/Contact.dox:33: warning: Illegal command n as part of a title section
/dsk/l1/jpc/coriolis-2.x/src/coriolis/hurricane/doc/hurricane/ContactLayer.dox:35: warning: Illegal command n as part of a title section
/dsk/l1/jpc/coriolis-2.x/src/coriolis/hurricane/doc/hurricane/DataBase.dox:23: warning: Illegal command n as part of a title section
/dsk/l1/jpc/coriolis-2.x/src/coriolis/hurricane/doc/hurricane/DataBase.dox:32: warning: Illegal command n as part of a title section
/dsk/l1/jpc/coriolis-2.x/src/coriolis/hurricane/doc/hurricane/DBo.dox:187: warning: Illegal command n as part of a title section
/dsk/l1/jpc/coriolis-2.x/src/coriolis/hurricane/doc/hurricane/DBo.dox:216: warning: Illegal command n as part of a title section
/dsk/l1/jpc/coriolis-2.x/src/coriolis/hurricane/doc/hurricane/DBo.dox:268: warning: Illegal command n as part of a title section
/dsk/l1/jpc/coriolis-2.x/src/coriolis/hurricane/doc/hurricane/DBo.dox:271: warning: Illegal command n as part of a title section
/dsk/l1/jpc/coriolis-2.x/src/coriolis/hurricane/doc/hurricane/DBo.dox:277: warning: Illegal command n as part of a title section
/dsk/l1/jpc/coriolis-2.x/src/coriolis/hurricane/doc/hurricane/DBo.dox:279: warning: Illegal command n as part of a title section
/dsk/l1/jpc/coriolis-2.x/src/coriolis/hurricane/doc/hurricane/DebugSession.dox:103: warning: Found unknown command `\Returns'
/dsk/l1/jpc/coriolis-2.x/src/coriolis/hurricane/doc/hurricane/DiffusionLayer.dox:35: warning: Illegal command n as part of a title section
/dsk/l1/jpc/coriolis-2.x/src/coriolis/hurricane/doc/hurricane/Entity.dox:41: warning: Illegal command n as part of a title section
/dsk/l1/jpc/coriolis-2.x/src/coriolis/hurricane/doc/hurricane/Exception.dox:14: warning: Illegal command n as part of a title section
/dsk/l1/jpc/coriolis-2.x/src/coriolis/hurricane/doc/hurricane/Collection.dox:375: warning: Illegal command n as part of a title section
/dsk/l1/jpc/coriolis-2.x/src/coriolis/hurricane/doc/hurricane/Collection.dox:392: warning: Illegal command n as part of a title section
/dsk/l1/jpc/coriolis-2.x/src/coriolis/hurricane/doc/hurricane/Collection.dox:399: warning: Illegal command n as part of a title section
/dsk/l1/jpc/coriolis-2.x/src/coriolis/hurricane/doc/hurricane/Collection.dox:384: warning: Illegal command n as part of a title section
/dsk/l1/jpc/coriolis-2.x/src/coriolis/hurricane/doc/hurricane/Filter.dox:187: warning: Illegal command n as part of a title section
/dsk/l1/jpc/coriolis-2.x/src/coriolis/hurricane/doc/hurricane/Filter.dox:204: warning: Illegal command n as part of a title section
/dsk/l1/jpc/coriolis-2.x/src/coriolis/hurricane/doc/hurricane/Filter.dox:211: warning: Illegal command n as part of a title section
/dsk/l1/jpc/coriolis-2.x/src/coriolis/hurricane/doc/hurricane/Filter.dox:196: warning: Illegal command n as part of a title section
/dsk/l1/jpc/coriolis-2.x/src/coriolis/hurricane/doc/hurricane/Locator.dox:129: warning: Illegal command n as part of a title section
/dsk/l1/jpc/coriolis-2.x/src/coriolis/hurricane/doc/hurricane/Locator.dox:146: warning: Illegal command n as part of a title section
/dsk/l1/jpc/coriolis-2.x/src/coriolis/hurricane/doc/hurricane/Locator.dox:153: warning: Illegal command n as part of a title section
/dsk/l1/jpc/coriolis-2.x/src/coriolis/hurricane/doc/hurricane/Locator.dox:138: warning: Illegal command n as part of a title section
/dsk/l1/jpc/coriolis-2.x/src/coriolis/hurricane/doc/hurricane/Go.dox:35: warning: Illegal command n as part of a title section
/dsk/l1/jpc/coriolis-2.x/src/coriolis/hurricane/doc/hurricane/Go.dox:201: warning: Illegal command n as part of a title section
/dsk/l1/jpc/coriolis-2.x/src/coriolis/hurricane/doc/hurricane/Hook.dox:101: warning: Illegal command n as part of a title section
/dsk/l1/jpc/coriolis-2.x/src/coriolis/hurricane/doc/hurricane/Hook.dox:108: warning: Illegal command n as part of a title section
/dsk/l1/jpc/coriolis-2.x/src/coriolis/hurricane/doc/hurricane/Hook.dox:116: warning: Illegal command n as part of a title section
/dsk/l1/jpc/coriolis-2.x/src/coriolis/hurricane/doc/hurricane/Hook.dox:124: warning: Illegal command n as part of a title section
/dsk/l1/jpc/coriolis-2.x/src/coriolis/hurricane/doc/hurricane/Hook.dox:132: warning: Illegal command n as part of a title section
/dsk/l1/jpc/coriolis-2.x/src/coriolis/hurricane/doc/hurricane/Hook.dox:141: warning: Illegal command n as part of a title section
/dsk/l1/jpc/coriolis-2.x/src/coriolis/hurricane/doc/hurricane/Hook.dox:145: warning: Illegal command n as part of a title section
/dsk/l1/jpc/coriolis-2.x/src/coriolis/hurricane/doc/hurricane/Hook.dox:176: warning: Illegal command n as part of a title section
/dsk/l1/jpc/coriolis-2.x/src/coriolis/hurricane/doc/hurricane/Hook.dox:184: warning: Illegal command n as part of a title section
/dsk/l1/jpc/coriolis-2.x/src/coriolis/hurricane/doc/hurricane/Hook.dox:193: warning: Illegal command n as part of a title section
/dsk/l1/jpc/coriolis-2.x/src/coriolis/hurricane/doc/hurricane/Hook.dox:203: warning: Illegal command n as part of a title section
/dsk/l1/jpc/coriolis-2.x/src/coriolis/hurricane/doc/hurricane/Hook.dox:226: warning: Illegal command n as part of a title section
/dsk/l1/jpc/coriolis-2.x/src/coriolis/hurricane/doc/hurricane/Hook.dox:236: warning: Illegal command n as part of a title section
/dsk/l1/jpc/coriolis-2.x/src/coriolis/hurricane/doc/hurricane/Hook.dox:245: warning: Illegal command n as part of a title section
/dsk/l1/jpc/coriolis-2.x/src/coriolis/hurricane/doc/hurricane/Horizontal.dox:48: warning: Illegal command n as part of a title section
/dsk/l1/jpc/coriolis-2.x/src/coriolis/hurricane/doc/hurricane/Horizontal.dox:57: warning: Illegal command n as part of a title section
/dsk/l1/jpc/coriolis-2.x/src/coriolis/hurricane/doc/hurricane/Horizontal.dox:65: warning: Illegal command n as part of a title section
/dsk/l1/jpc/coriolis-2.x/src/coriolis/hurricane/doc/hurricane/HyperNet.dox:20: warning: Illegal command n as part of a title section
/dsk/l1/jpc/coriolis-2.x/src/coriolis/hurricane/doc/hurricane/HyperNet.dox:31: warning: Found unknown command `\sreturn'
/dsk/l1/jpc/coriolis-2.x/src/coriolis/hurricane/doc/hurricane/HyperNet.dox:34: warning: Found unknown command `\sreturn'
/dsk/l1/jpc/coriolis-2.x/src/coriolis/hurricane/doc/hurricane/Instance.dox:73: warning: Illegal command n as part of a title section
/dsk/l1/jpc/coriolis-2.x/src/coriolis/hurricane/doc/hurricane/Instance.dox:77: warning: Illegal command n as part of a title section
/dsk/l1/jpc/coriolis-2.x/src/coriolis/hurricane/doc/hurricane/Instance.dox:103: warning: Illegal command n as part of a title section
/dsk/l1/jpc/coriolis-2.x/src/coriolis/hurricane/doc/hurricane/Instance.dox:127: warning: Illegal command n as part of a title section
/dsk/l1/jpc/coriolis-2.x/src/coriolis/hurricane/doc/hurricane/Instance.dox:145: warning: Illegal command n as part of a title section
/dsk/l1/jpc/coriolis-2.x/src/coriolis/hurricane/doc/hurricane/Instance.dox:156: warning: Illegal command n as part of a title section
/dsk/l1/jpc/coriolis-2.x/src/coriolis/hurricane/doc/hurricane/Instance.dox:159: warning: Illegal command n as part of a title section
/dsk/l1/jpc/coriolis-2.x/src/coriolis/hurricane/doc/hurricane/Instance.dox:163: warning: Illegal command n as part of a title section
/dsk/l1/jpc/coriolis-2.x/src/coriolis/hurricane/doc/hurricane/Instance.dox:177: warning: Unsupported xml/html tag <masterCell> found
/dsk/l1/jpc/coriolis-2.x/src/coriolis/hurricane/doc/hurricane/Instance.dox:182: warning: Unsupported xml/html tag <this> found
/dsk/l1/jpc/coriolis-2.x/src/coriolis/hurricane/doc/hurricane/Instance.dox:182: warning: Unsupported xml/html tag <cloneCell> found
/dsk/l1/jpc/coriolis-2.x/src/coriolis/hurricane/doc/hurricane/Instance.dox:184: warning: Unsupported xml/html tag <cloneCell> found
/dsk/l1/jpc/coriolis-2.x/src/coriolis/hurricane/doc/hurricane/Instance.dox:186: warning: Illegal command n as part of a title section
/dsk/l1/jpc/coriolis-2.x/src/coriolis/hurricane/doc/hurricane/Interval.dox:57: warning: Illegal command n as part of a title section
/dsk/l1/jpc/coriolis-2.x/src/coriolis/hurricane/doc/hurricane/JsonObject.dox:40: warning: Illegal command \typename as the argument of a \typename command
/dsk/l1/jpc/coriolis-2.x/src/coriolis/hurricane/doc/hurricane/JsonObject.dox:72: warning: argument 'stack' of command @param is not found in the argument list of Hurricane::JsonObject::check(JsonStack &, std::string fname) const
/dsk/l1/jpc/coriolis-2.x/src/coriolis/hurricane/doc/hurricane/JsonObject.dox:148: warning: argument 'name' of command @param is not found in the argument list of Hurricane::JsonObject::setName(const std::string &)
/dsk/l1/jpc/coriolis-2.x/src/coriolis/hurricane/doc/hurricane/JsonObject.dox:161: warning: argument 'T' of command @param is not found in the argument list of Hurricane::JsonObject::setObject(T t)
/dsk/l1/jpc/coriolis-2.x/src/coriolis/hurricane/src/hurricane/hurricane/JsonObject.h:102: warning: The following parameters of Hurricane::JsonObject::setObject(T t) are not documented:
  parameter 't'
/dsk/l1/jpc/coriolis-2.x/src/coriolis/hurricane/doc/hurricane/JsonObject.dox:178: warning: Found unknown command `\Important'
/dsk/l1/jpc/coriolis-2.x/src/coriolis/hurricane/doc/hurricane/JsonObject.dox:181: warning: argument 'The' of command @param is not found in the argument list of Hurricane::JsonObject::toData(JsonStack &stack)
/dsk/l1/jpc/coriolis-2.x/src/coriolis/hurricane/doc/hurricane/JsonObject.dox:183: warning: Found unknown command `\Important'
/dsk/l1/jpc/coriolis-2.x/src/coriolis/hurricane/src/hurricane/hurricane/JsonObject.h:105: warning: The following parameters of Hurricane::JsonObject::toData(JsonStack &stack) are not documented:
  parameter 'stack'
/dsk/l1/jpc/coriolis-2.x/src/coriolis/hurricane/doc/hurricane/JsonObject.dox:193: warning: Found unknown command `\Remark'
/dsk/l1/jpc/coriolis-2.x/src/coriolis/hurricane/doc/hurricane/JsonObject.dox:204: warning: Found unknown command `\Remark'
/dsk/l1/jpc/coriolis-2.x/src/coriolis/hurricane/doc/hurricane/Layer.dox:136: warning: Illegal command n as part of a title section
/dsk/l1/jpc/coriolis-2.x/src/coriolis/hurricane/doc/hurricane/Layer.dox:144: warning: Illegal command n as part of a title section
/dsk/l1/jpc/coriolis-2.x/src/coriolis/hurricane/doc/hurricane/Layer.dox:238: warning: Illegal command n as part of a title section
/dsk/l1/jpc/coriolis-2.x/src/coriolis/hurricane/doc/hurricane/Library.dox:32: warning: Illegal command n as part of a title section
/dsk/l1/jpc/coriolis-2.x/src/coriolis/hurricane/doc/hurricane/Library.dox:40: warning: Illegal command n as part of a title section
/dsk/l1/jpc/coriolis-2.x/src/coriolis/hurricane/doc/hurricane/Library.dox:86: warning: Illegal command n as part of a title section
/dsk/l1/jpc/coriolis-2.x/src/coriolis/hurricane/doc/hurricane/Locator.dox:89: warning: Illegal command n as part of a title section
/dsk/l1/jpc/coriolis-2.x/src/coriolis/hurricane/doc/hurricane/Locator.dox:108: warning: Illegal command n as part of a title section
/dsk/l1/jpc/coriolis-2.x/src/coriolis/hurricane/doc/hurricane/Name.dox:57: warning: Illegal command n as part of a title section
/dsk/l1/jpc/coriolis-2.x/src/coriolis/hurricane/doc/hurricane/Net.dox:109: warning: Illegal command n as part of a title section
/dsk/l1/jpc/coriolis-2.x/src/coriolis/hurricane/doc/hurricane/Net.dox:129: warning: Illegal command n as part of a title section
/dsk/l1/jpc/coriolis-2.x/src/coriolis/hurricane/doc/hurricane/Net.dox:184: warning: Illegal command n as part of a title section
/dsk/l1/jpc/coriolis-2.x/src/coriolis/hurricane/doc/hurricane/Net.dox:191: warning: Illegal command n as part of a title section
/dsk/l1/jpc/coriolis-2.x/src/coriolis/hurricane/doc/hurricane/Net.dox:198: warning: Illegal command n as part of a title section
/dsk/l1/jpc/coriolis-2.x/src/coriolis/hurricane/doc/hurricane/Net.dox:230: warning: Illegal command n as part of a title section
/dsk/l1/jpc/coriolis-2.x/src/coriolis/hurricane/doc/hurricane/Net.dox:245: warning: Illegal command n as part of a title section
/dsk/l1/jpc/coriolis-2.x/src/coriolis/hurricane/doc/hurricane/Net.dox:274: warning: Illegal command n as part of a title section
/dsk/l1/jpc/coriolis-2.x/src/coriolis/hurricane/doc/hurricane/Net.dox:279: warning: Illegal command n as part of a title section
/dsk/l1/jpc/coriolis-2.x/src/coriolis/hurricane/doc/hurricane/Net.dox:288: warning: Illegal command n as part of a title section
/dsk/l1/jpc/coriolis-2.x/src/coriolis/hurricane/doc/hurricane/Net.dox:295: warning: Unsupported xml/html tag <this> found
/dsk/l1/jpc/coriolis-2.x/src/coriolis/hurricane/doc/hurricane/Net.dox:295: warning: Unsupported xml/html tag <cloneCell> found
/dsk/l1/jpc/coriolis-2.x/src/coriolis/hurricane/doc/hurricane/Net.dox:299: warning: Illegal command n as part of a title section
/dsk/l1/jpc/coriolis-2.x/src/coriolis/hurricane/doc/hurricane/Filter.dox:219: warning: Illegal command n as part of a title section
/dsk/l1/jpc/coriolis-2.x/src/coriolis/hurricane/doc/hurricane/Filter.dox:228: warning: Illegal command n as part of a title section
/dsk/l1/jpc/coriolis-2.x/src/coriolis/hurricane/doc/hurricane/Filter.dox:235: warning: Illegal command n as part of a title section
/dsk/l1/jpc/coriolis-2.x/src/coriolis/hurricane/doc/hurricane/Occurrence.dox:60: warning: Illegal command n as part of a title section
/dsk/l1/jpc/coriolis-2.x/src/coriolis/hurricane/doc/hurricane/Occurrence.dox:67: warning: Illegal command n as part of a title section
/dsk/l1/jpc/coriolis-2.x/src/coriolis/hurricane/doc/hurricane/Occurrence.dox:70: warning: Illegal command n as part of a title section
/dsk/l1/jpc/coriolis-2.x/src/coriolis/hurricane/doc/hurricane/Occurrence.dox:162: warning: Illegal command n as part of a title section
/dsk/l1/jpc/coriolis-2.x/src/coriolis/hurricane/doc/hurricane/Occurrence.dox:170: warning: Illegal command n as part of a title section
/dsk/l1/jpc/coriolis-2.x/src/coriolis/hurricane/doc/hurricane/Occurrence.dox:173: warning: Illegal command n as part of a title section
/dsk/l1/jpc/coriolis-2.x/src/coriolis/hurricane/doc/hurricane/Occurrence.dox:180: warning: Illegal command n as part of a title section
/dsk/l1/jpc/coriolis-2.x/src/coriolis/hurricane/doc/hurricane/Occurrence.dox:187: warning: Illegal command n as part of a title section
/dsk/l1/jpc/coriolis-2.x/src/coriolis/hurricane/doc/hurricane/Path.dox:40: warning: Illegal command n as part of a title section
/dsk/l1/jpc/coriolis-2.x/src/coriolis/hurricane/doc/hurricane/Path.dox:47: warning: Illegal command n as part of a title section
/dsk/l1/jpc/coriolis-2.x/src/coriolis/hurricane/doc/hurricane/Path.dox:54: warning: Illegal command n as part of a title section
/dsk/l1/jpc/coriolis-2.x/src/coriolis/hurricane/doc/hurricane/Path.dox:57: warning: Illegal command n as part of a title section
/dsk/l1/jpc/coriolis-2.x/src/coriolis/hurricane/doc/hurricane/Path.dox:66: warning: Illegal command n as part of a title section
/dsk/l1/jpc/coriolis-2.x/src/coriolis/hurricane/doc/hurricane/Path.dox:69: warning: Illegal command n as part of a title section
/dsk/l1/jpc/coriolis-2.x/src/coriolis/hurricane/doc/hurricane/Path.dox:86: warning: Illegal command n as part of a title section
/dsk/l1/jpc/coriolis-2.x/src/coriolis/hurricane/doc/hurricane/Plug.dox:20: warning: Illegal command n as part of a title section
/dsk/l1/jpc/coriolis-2.x/src/coriolis/hurricane/doc/hurricane/Plug.dox:25: warning: Illegal command n as part of a title section
/dsk/l1/jpc/coriolis-2.x/src/coriolis/hurricane/doc/hurricane/Plug.dox:60: warning: Illegal command n as part of a title section
/dsk/l1/jpc/coriolis-2.x/src/coriolis/hurricane/doc/hurricane/Plug.dox:68: warning: Illegal command n as part of a title section
/dsk/l1/jpc/coriolis-2.x/src/coriolis/hurricane/doc/hurricane/Plug.dox:76: warning: Illegal command n as part of a title section
/dsk/l1/jpc/coriolis-2.x/src/coriolis/hurricane/doc/hurricane/Plug.dox:80: warning: Illegal command n as part of a title section
/dsk/l1/jpc/coriolis-2.x/src/coriolis/hurricane/doc/hurricane/PrivateProperty.dox:76: warning: Illegal command n as part of a title section
/dsk/l1/jpc/coriolis-2.x/src/coriolis/hurricane/doc/hurricane/Property.dox:27: warning: Illegal command n as part of a title section
/dsk/l1/jpc/coriolis-2.x/src/coriolis/hurricane/doc/hurricane/Property.dox:47: warning: Illegal command n as part of a title section
/dsk/l1/jpc/coriolis-2.x/src/coriolis/hurricane/doc/hurricane/Property.dox:53: warning: Illegal command n as part of a title section
/dsk/l1/jpc/coriolis-2.x/src/coriolis/hurricane/doc/hurricane/Property.dox:159: warning: Illegal command n as part of a title section
/dsk/l1/jpc/coriolis-2.x/src/coriolis/hurricane/doc/hurricane/Property.dox:182: warning: Illegal command n as part of a title section
/dsk/l1/jpc/coriolis-2.x/src/coriolis/hurricane/doc/hurricane/Property.dox:202: warning: Illegal command n as part of a title section
/dsk/l1/jpc/coriolis-2.x/src/coriolis/hurricane/doc/hurricane/Property.dox:237: warning: Illegal command n as part of a title section
/dsk/l1/jpc/coriolis-2.x/src/coriolis/hurricane/doc/hurricane/Property.dox:358: warning: Illegal command n as part of a title section
/dsk/l1/jpc/coriolis-2.x/src/coriolis/hurricane/doc/hurricane/Property.dox:367: warning: Illegal command n as part of a title section
/dsk/l1/jpc/coriolis-2.x/src/coriolis/hurricane/doc/hurricane/Property.dox:373: warning: Illegal command n as part of a title section
/dsk/l1/jpc/coriolis-2.x/src/coriolis/hurricane/doc/hurricane/QuadTree.dox:13: warning: Illegal command n as part of a title section
/dsk/l1/jpc/coriolis-2.x/src/coriolis/hurricane/doc/hurricane/QuadTree.dox:66: warning: Illegal command n as part of a title section
/dsk/l1/jpc/coriolis-2.x/src/coriolis/hurricane/doc/hurricane/QuadTree.dox:68: warning: Illegal command n as part of a title section
/dsk/l1/jpc/coriolis-2.x/src/coriolis/hurricane/doc/hurricane/QuadTree.dox:78: warning: Illegal command n as part of a title section
/dsk/l1/jpc/coriolis-2.x/src/coriolis/hurricane/doc/hurricane/QuadTree.dox:80: warning: Illegal command n as part of a title section
/dsk/l1/jpc/coriolis-2.x/src/coriolis/hurricane/doc/hurricane/Query.dox:78: warning: Found unknown command `\sreturn'
/dsk/l1/jpc/coriolis-2.x/src/coriolis/hurricane/doc/hurricane/Query.dox:81: warning: Found unknown command `\sreturn'
/dsk/l1/jpc/coriolis-2.x/src/coriolis/hurricane/doc/hurricane/Query.dox:84: warning: Found unknown command `\sreturn'
/dsk/l1/jpc/coriolis-2.x/src/coriolis/hurricane/doc/hurricane/Query.dox:87: warning: Found unknown command `\sreturn'
/dsk/l1/jpc/coriolis-2.x/src/coriolis/hurricane/doc/hurricane/Query.dox:90: warning: Found unknown command `\sreturn'
/dsk/l1/jpc/coriolis-2.x/src/coriolis/hurricane/doc/hurricane/Query.dox:95: warning: Found unknown command `\sreturn'
/dsk/l1/jpc/coriolis-2.x/src/coriolis/hurricane/doc/hurricane/Query.dox:98: warning: Found unknown command `\sreturn'
/dsk/l1/jpc/coriolis-2.x/src/coriolis/hurricane/doc/hurricane/Query.dox:101: warning: Found unknown command `\sreturn'
/dsk/l1/jpc/coriolis-2.x/src/coriolis/hurricane/doc/hurricane/Query.dox:104: warning: Found unknown command `\sreturn'
/dsk/l1/jpc/coriolis-2.x/src/coriolis/hurricane/doc/hurricane/Query.dox:108: warning: Found unknown command `\sreturn'
/dsk/l1/jpc/coriolis-2.x/src/coriolis/hurricane/doc/hurricane/Query.dox:111: warning: Found unknown command `\sreturn'
/dsk/l1/jpc/coriolis-2.x/src/coriolis/hurricane/doc/hurricane/Query.dox:114: warning: Found unknown command `\sreturn'
/dsk/l1/jpc/coriolis-2.x/src/coriolis/hurricane/doc/hurricane/Query.dox:117: warning: Found unknown command `\sreturn'
/dsk/l1/jpc/coriolis-2.x/src/coriolis/hurricane/doc/hurricane/Query.dox:120: warning: Found unknown command `\sreturn'
/dsk/l1/jpc/coriolis-2.x/src/coriolis/hurricane/doc/hurricane/Query.dox:123: warning: Found unknown command `\sreturn'
/dsk/l1/jpc/coriolis-2.x/src/coriolis/hurricane/doc/hurricane/Query.dox:127: warning: Found unknown command `\sreturn'
/dsk/l1/jpc/coriolis-2.x/src/coriolis/hurricane/doc/hurricane/Query.dox:131: warning: Found unknown command `\sreturn'
/dsk/l1/jpc/coriolis-2.x/src/coriolis/hurricane/doc/hurricane/Query.dox:135: warning: Found unknown command `\sreturn'
/dsk/l1/jpc/coriolis-2.x/src/coriolis/hurricane/doc/hurricane/Query.dox:139: warning: Found unknown command `\sreturn'
/dsk/l1/jpc/coriolis-2.x/src/coriolis/hurricane/doc/hurricane/RegularLayer.dox:29: warning: Illegal command n as part of a title section
/dsk/l1/jpc/coriolis-2.x/src/coriolis/hurricane/doc/hurricane/RoutingPad.dox:145: warning: Illegal command n as part of a title section
/dsk/l1/jpc/coriolis-2.x/src/coriolis/hurricane/doc/hurricane/Rubber.dox:43: warning: Illegal command n as part of a title section
/dsk/l1/jpc/coriolis-2.x/src/coriolis/hurricane/doc/hurricane/Technology.dox:16: warning: Illegal command n as part of a title section
/dsk/l1/jpc/coriolis-2.x/src/coriolis/hurricane/doc/hurricane/Technology.dox:26: warning: Illegal command n as part of a title section
/dsk/l1/jpc/coriolis-2.x/src/coriolis/hurricane/doc/hurricane/Technology.dox:62: warning: Illegal command n as part of a title section
/dsk/l1/jpc/coriolis-2.x/src/coriolis/hurricane/doc/hurricane/Transformation.dox:35: warning: Illegal command n as part of a title section
/dsk/l1/jpc/coriolis-2.x/src/coriolis/hurricane/doc/hurricane/TransistorLayer.dox:35: warning: Illegal command n as part of a title section
/dsk/l1/jpc/coriolis-2.x/src/coriolis/hurricane/doc/hurricane/Vertical.dox:58: warning: Illegal command n as part of a title section
/dsk/l1/jpc/coriolis-2.x/src/coriolis/hurricane/doc/hurricane/Vertical.dox:47: warning: Illegal command n as part of a title section
/dsk/l1/jpc/coriolis-2.x/src/coriolis/hurricane/doc/hurricane/Vertical.dox:67: warning: Illegal command n as part of a title section
/dsk/l1/jpc/coriolis-2.x/src/coriolis/hurricane/doc/hurricane/Vertical.dox:75: warning: Illegal command n as part of a title section
/dsk/l1/jpc/coriolis-2.x/src/coriolis/hurricane/doc/hurricane/ViaLayer.dox:35: warning: Illegal command n as part of a title section
